0 info it worked if it ends with ok
1 verbose cli [ 'node', '/usr/local/bin/npm', 'install', '-g', 'less' ]
2 info using npm@1.2.2
3 info using node@v0.8.18
4 verbose read json /usr/local/lib/package.json
5 verbose read json /usr/local/lib/package.json
6 verbose cache add [ 'less', null ]
7 verbose cache add name=undefined spec="less" args=["less",null]
8 verbose parsed url { pathname: 'less', path: 'less', href: 'less' }
9 silly lockFile 0b439cf4-less less
10 verbose lock less /Users/halea021/.npm/0b439cf4-less.lock
11 silly lockFile 0b439cf4-less less
12 verbose addNamed [ 'less', '' ]
13 verbose addNamed [ null, '' ]
14 silly lockFile e13833ab-less less@
15 verbose lock less@ /Users/halea021/.npm/e13833ab-less.lock
16 silly addNameRange { name: 'less', range: '', hasData: false }
17 verbose url raw less
18 verbose url resolving [ 'https://registry.npmjs.org/', './less' ]
19 verbose url resolved https://registry.npmjs.org/less
20 info trying registry request attempt 1 at 17:21:57
21 verbose etag "CGUFKA498GPZAMOES1G0VD8OS"
22 http GET https://registry.npmjs.org/less
23 http 304 https://registry.npmjs.org/less
24 silly registry.get cb [ 304,
24 silly registry.get   { server: 'CouchDB/1.2.1 (Erlang OTP/R15B)',
24 silly registry.get     etag: '"CGUFKA498GPZAMOES1G0VD8OS"',
24 silly registry.get     date: 'Thu, 31 Jan 2013 01:20:15 GMT',
24 silly registry.get     'content-length': '0' } ]
25 verbose etag less from cache
26 silly addNameRange number 2 { name: 'less', range: '', hasData: true }
27 silly addNameRange versions [ 'less',
27 silly addNameRange   [ '1.0.10',
27 silly addNameRange     '1.0.11',
27 silly addNameRange     '1.0.14',
27 silly addNameRange     '1.0.18',
27 silly addNameRange     '1.0.19',
27 silly addNameRange     '1.0.21',
27 silly addNameRange     '1.0.32',
27 silly addNameRange     '1.0.36',
27 silly addNameRange     '1.0.5',
27 silly addNameRange     '1.0.40',
27 silly addNameRange     '1.0.41',
27 silly addNameRange     '1.0.44',
27 silly addNameRange     '1.1.0',
27 silly addNameRange     '1.1.1',
27 silly addNameRange     '1.1.2',
27 silly addNameRange     '1.1.4',
27 silly addNameRange     '1.1.5',
27 silly addNameRange     '1.1.6',
27 silly addNameRange     '1.2.0',
27 silly addNameRange     '1.2.1',
27 silly addNameRange     '1.2.2',
27 silly addNameRange     '1.3.0',
27 silly addNameRange     '1.3.1',
27 silly addNameRange     '1.3.2',
27 silly addNameRange     '1.3.3' ] ]
28 verbose addNamed [ 'less', '1.3.3' ]
29 verbose addNamed [ '1.3.3', '1.3.3' ]
30 silly lockFile fcd40bce-less-1-3-3 less@1.3.3
31 verbose lock less@1.3.3 /Users/halea021/.npm/fcd40bce-less-1-3-3.lock
32 verbose read json /Users/halea021/.npm/less/1.3.3/package/package.json
33 silly lockFile fcd40bce-less-1-3-3 less@1.3.3
34 silly lockFile e13833ab-less less@
35 silly resolved [ { name: 'less',
35 silly resolved     description: 'Leaner CSS',
35 silly resolved     homepage: 'http://lesscss.org',
35 silly resolved     keywords: [ 'css', 'parser', 'lesscss', 'browser' ],
35 silly resolved     author: { name: 'Alexis Sellier', email: 'self@cloudhead.net' },
35 silly resolved     contributors: [],
35 silly resolved     version: '1.3.3',
35 silly resolved     bin: { lessc: './bin/lessc' },
35 silly resolved     main: './lib/less/index',
35 silly resolved     directories: { test: './test' },
35 silly resolved     engines: { node: '>=0.4.2' },
35 silly resolved     optionalDependencies: { ycssmin: '>=1.0.1' },
35 silly resolved     devDependencies: { diff: '~1.0' },
35 silly resolved     scripts: { test: 'make test' },
35 silly resolved     bugs: { url: 'https://github.com/cloudhead/less.js/issues' },
35 silly resolved     repository: { type: 'git', url: 'https://github.com/cloudhead/less.js.git' },
35 silly resolved     readme: 'less.js\n=======\n\nThe **dynamic** stylesheet language.\n\n<http://lesscss.org>\n\nabout\n-----\n\nThis is the JavaScript, and now official, stable version of LESS.\n\nFor more information, visit <http://lesscss.org>.\n\nlicense\n-------\n\nSee `LICENSE` file.\n\n> Copyright (c) 2009-2011 Alexis Sellier\n',
35 silly resolved     readmeFilename: 'README.md',
35 silly resolved     _id: 'less@1.3.3',
35 silly resolved     dependencies: { ycssmin: '>=1.0.1' },
35 silly resolved     _from: 'less@' } ]
36 info install less@1.3.3 into /usr/local/lib
37 info installOne less@1.3.3
38 verbose from cache /Users/halea021/.npm/less/1.3.3/package/package.json
39 info /usr/local/lib/node_modules/less unbuild
40 verbose read json /usr/local/lib/node_modules/less/package.json
41 verbose tar unpack /Users/halea021/.npm/less/1.3.3/package.tgz
42 silly lockFile c2213c90-usr-local-lib-node-modules-less /usr/local/lib/node_modules/less
43 verbose lock /usr/local/lib/node_modules/less /Users/halea021/.npm/c2213c90-usr-local-lib-node-modules-less.lock
44 silly gunzTarPerm modes [ '755', '644' ]
45 silly gunzTarPerm extractEntry package.json
46 silly gunzTarPerm extractEntry .npmignore
47 silly gunzTarPerm extractEntry README.md
48 silly gunzTarPerm extractEntry LICENSE
49 silly gunzTarPerm extractEntry CHANGELOG.md
50 silly gunzTarPerm extractEntry CONTRIBUTING.md
51 silly gunzTarPerm extractEntry benchmark/less-benchmark.js
52 silly gunzTarPerm extractEntry benchmark/benchmark.less
53 silly gunzTarPerm extractEntry test/browser-test-prepare.js
54 silly gunzTarPerm extractEntry test/less-test.js
55 silly gunzTarPerm extractEntry test/browser/common.js
56 silly gunzTarPerm extractEntry test/browser/jasmine-html.js
57 silly gunzTarPerm extractEntry test/browser/runner-rootpath.js
58 silly gunzTarPerm extractEntry test/browser/jasmine.js
59 silly gunzTarPerm extractEntry test/browser/runner-rootpath-relative.js
60 silly gunzTarPerm extractEntry test/browser/runner-relative-urls.js
61 silly gunzTarPerm extractEntry test/browser/runner-browser.js
62 silly gunzTarPerm extractEntry test/browser/runner-main.js
63 silly gunzTarPerm extractEntry test/browser/phantom-runner.js
64 silly gunzTarPerm extractEntry test/browser/css/relative-urls/urls.css
65 silly gunzTarPerm extractEntry test/browser/css/rootpath/urls.css
66 silly gunzTarPerm extractEntry test/browser/css/rootpath-relative/urls.css
67 silly gunzTarPerm extractEntry test/browser/css/urls.css
68 silly gunzTarPerm extractEntry test/browser/less/imports/urls.less
69 silly gunzTarPerm extractEntry test/browser/less/imports/urls2.less
70 silly gunzTarPerm extractEntry test/browser/less/relative-urls/urls.less
71 silly gunzTarPerm extractEntry test/browser/less/rootpath/urls.less
72 silly gunzTarPerm extractEntry test/browser/less/rootpath-relative/urls.less
73 silly gunzTarPerm extractEntry test/browser/less/urls.less
74 silly gunzTarPerm extractEntry test/browser/jasmine.css
75 silly gunzTarPerm extractEntry test/browser/template.htm
76 silly gunzTarPerm extractEntry test/css/mixins-guards.css
77 silly gunzTarPerm extractEntry test/css/charsets.css
78 silly gunzTarPerm extractEntry test/css/comments.css
79 silly gunzTarPerm extractEntry test/css/css-3.css
80 silly gunzTarPerm extractEntry test/css/css-escapes.css
81 silly gunzTarPerm extractEntry test/css/css.css
82 silly gunzTarPerm extractEntry test/css/debug/linenumbers-all.css
83 silly gunzTarPerm extractEntry test/css/debug/linenumbers-comments.css
84 silly gunzTarPerm extractEntry test/css/debug/linenumbers-mediaquery.css
85 silly gunzTarPerm extractEntry test/css/functions.css
86 silly gunzTarPerm extractEntry test/css/ie-filters.css
87 silly gunzTarPerm extractEntry test/css/import-once.css
88 silly gunzTarPerm extractEntry test/css/import.css
89 silly gunzTarPerm extractEntry test/css/javascript.css
90 silly gunzTarPerm extractEntry test/css/lazy-eval.css
91 silly gunzTarPerm extractEntry test/css/media.css
92 silly gunzTarPerm extractEntry test/css/mixins-args.css
93 silly gunzTarPerm extractEntry test/css/mixins-closure.css
94 silly gunzTarPerm extractEntry test/css/colors.css
95 silly gunzTarPerm extractEntry test/css/mixins-important.css
96 silly gunzTarPerm extractEntry test/css/mixins-named-args.css
97 silly gunzTarPerm extractEntry test/css/mixins-nested.css
98 silly gunzTarPerm extractEntry test/css/mixins-pattern.css
99 silly gunzTarPerm extractEntry test/css/mixins.css
100 silly gunzTarPerm extractEntry test/css/operations.css
101 silly gunzTarPerm extractEntry test/css/parens.css
102 silly gunzTarPerm extractEntry test/css/rulesets.css
103 silly gunzTarPerm extractEntry test/css/scope.css
104 silly gunzTarPerm extractEntry test/css/selectors.css
105 silly gunzTarPerm extractEntry test/css/static-urls/urls.css
106 silly gunzTarPerm extractEntry test/css/strings.css
107 silly gunzTarPerm extractEntry test/css/urls.css
108 silly gunzTarPerm extractEntry test/css/variables.css
109 silly gunzTarPerm extractEntry test/css/whitespace.css
110 silly gunzTarPerm extractEntry test/less/mixins-closure.less
111 silly gunzTarPerm extractEntry test/less/charsets.less
112 silly gunzTarPerm extractEntry test/less/comments.less
113 silly gunzTarPerm extractEntry test/less/css-3.less
114 silly gunzTarPerm extractEntry test/less/css-escapes.less
115 silly gunzTarPerm extractEntry test/less/css.less
116 silly gunzTarPerm extractEntry test/less/debug/import/test.less
117 silly gunzTarPerm extractEntry test/less/debug/linenumbers.less
118 silly gunzTarPerm extractEntry test/less/errors/mixed-mixin-definition-args-2.less
119 silly gunzTarPerm extractEntry test/less/errors/bad-variable-declaration1.less
120 silly gunzTarPerm extractEntry test/less/errors/comment-in-selector.less
121 silly gunzTarPerm extractEntry test/less/errors/comment-in-selector.txt
122 silly gunzTarPerm extractEntry test/less/errors/import-missing.less
123 silly gunzTarPerm extractEntry test/less/errors/import-missing.txt
124 silly gunzTarPerm extractEntry test/less/errors/import-no-semi.less
125 silly gunzTarPerm extractEntry test/less/errors/import-no-semi.txt
126 silly gunzTarPerm extractEntry test/less/errors/import-subfolder1.less
127 silly gunzTarPerm extractEntry test/less/errors/import-subfolder1.txt
128 silly gunzTarPerm extractEntry test/less/errors/import-subfolder2.less
129 silly gunzTarPerm extractEntry test/less/errors/import-subfolder2.txt
130 silly gunzTarPerm extractEntry test/less/errors/imports/import-subfolder1.less
131 silly gunzTarPerm extractEntry test/less/errors/imports/import-subfolder2.less
132 silly gunzTarPerm extractEntry test/less/errors/imports/import-test.less
133 silly gunzTarPerm extractEntry test/less/errors/imports/subfolder/mixin-not-defined.less
134 silly gunzTarPerm extractEntry test/less/errors/imports/subfolder/parse-error-curly-bracket.less
135 silly gunzTarPerm extractEntry test/less/errors/javascript-error.less
136 silly gunzTarPerm extractEntry test/less/errors/javascript-error.txt
137 silly gunzTarPerm extractEntry test/less/errors/mixed-mixin-definition-args-1.less
138 silly gunzTarPerm extractEntry test/less/errors/mixed-mixin-definition-args-1.txt
139 silly gunzTarPerm extractEntry test/less/errors/bad-variable-declaration1.txt
140 silly gunzTarPerm extractEntry test/less/errors/mixed-mixin-definition-args-2.txt
141 silly gunzTarPerm extractEntry test/less/errors/mixin-not-defined.less
142 silly gunzTarPerm extractEntry test/less/errors/mixin-not-defined.txt
143 silly gunzTarPerm extractEntry test/less/errors/mixin-not-matched.less
144 silly gunzTarPerm extractEntry test/less/errors/mixin-not-matched.txt
145 silly gunzTarPerm extractEntry test/less/errors/mixin-not-matched2.less
146 silly gunzTarPerm extractEntry test/less/errors/mixin-not-matched2.txt
147 silly gunzTarPerm extractEntry test/less/errors/parse-error-curly-bracket.less
148 silly gunzTarPerm extractEntry test/less/errors/parse-error-curly-bracket.txt
149 silly gunzTarPerm extractEntry test/less/errors/parse-error-missing-bracket.less
150 silly gunzTarPerm extractEntry test/less/errors/parse-error-missing-bracket.txt
151 silly gunzTarPerm extractEntry test/less/errors/parse-error-with-import.less
152 silly gunzTarPerm extractEntry test/less/errors/parse-error-with-import.txt
153 silly gunzTarPerm extractEntry test/less/errors/property-ie5-hack.less
154 silly gunzTarPerm extractEntry test/less/errors/property-ie5-hack.txt
155 silly gunzTarPerm extractEntry test/less/errors/recursive-variable.less
156 silly gunzTarPerm extractEntry test/less/errors/recursive-variable.txt
157 silly gunzTarPerm extractEntry test/less/functions.less
158 silly gunzTarPerm extractEntry test/less/ie-filters.less
159 silly gunzTarPerm extractEntry test/less/import/import-test-b.less
160 silly gunzTarPerm extractEntry test/less/import/deeper/import-once-test-a.less
161 silly gunzTarPerm extractEntry test/less/import/import-charset-test.less
162 silly gunzTarPerm extractEntry test/less/import/import-once-test-c.less
163 silly gunzTarPerm extractEntry test/less/import/import-test-a.less
164 silly gunzTarPerm extractEntry test/less/import/import-and-relative-paths-test.less
165 silly gunzTarPerm extractEntry test/less/import/import-test-c.less
166 silly gunzTarPerm extractEntry test/less/import/import-test-d.css
167 silly gunzTarPerm extractEntry test/less/import/import-test-e.less
168 silly gunzTarPerm extractEntry test/less/import/imports/font.less
169 silly gunzTarPerm extractEntry test/less/import/imports/logo.less
170 silly gunzTarPerm extractEntry test/less/import/urls.less
171 silly gunzTarPerm extractEntry test/less/import-once.less
172 silly gunzTarPerm extractEntry test/less/import.less
173 silly gunzTarPerm extractEntry test/less/javascript.less
174 silly gunzTarPerm extractEntry test/less/lazy-eval.less
175 silly gunzTarPerm extractEntry test/less/media.less
176 silly gunzTarPerm extractEntry test/less/mixins-args.less
177 silly gunzTarPerm extractEntry test/less/colors.less
178 silly gunzTarPerm extractEntry test/less/mixins-guards.less
179 silly gunzTarPerm extractEntry test/less/mixins-important.less
180 silly gunzTarPerm extractEntry test/less/mixins-named-args.less
181 silly gunzTarPerm extractEntry test/less/mixins-nested.less
182 silly gunzTarPerm extractEntry test/less/mixins-pattern.less
183 silly gunzTarPerm extractEntry test/less/mixins.less
184 silly gunzTarPerm extractEntry test/less/operations.less
185 silly gunzTarPerm extractEntry test/less/parens.less
186 silly gunzTarPerm extractEntry test/less/rulesets.less
187 silly gunzTarPerm extractEntry test/less/scope.less
188 silly gunzTarPerm extractEntry test/less/selectors.less
189 silly gunzTarPerm extractEntry test/less/static-urls/urls.less
190 silly gunzTarPerm extractEntry test/less/strings.less
191 silly gunzTarPerm extractEntry test/less/urls.less
192 silly gunzTarPerm extractEntry test/less/variables.less
193 silly gunzTarPerm extractEntry test/less/whitespace.less
194 silly gunzTarPerm extractEntry Makefile
195 silly gunzTarPerm extractEntry bin/lessc
196 silly gunzTarPerm extractEntry build/amd.js
197 silly gunzTarPerm extractEntry build/ecma-5.js
198 silly gunzTarPerm extractEntry build/header.js
199 silly gunzTarPerm extractEntry build/require-rhino.js
200 silly gunzTarPerm extractEntry build/require.js
201 silly gunzTarPerm extractEntry lib/less/browser.js
202 silly gunzTarPerm extractEntry lib/less/colors.js
203 silly gunzTarPerm extractEntry lib/less/functions.js
204 silly gunzTarPerm extractEntry lib/less/index.js
205 silly gunzTarPerm extractEntry lib/less/lessc_helper.js
206 silly gunzTarPerm extractEntry lib/less/parser.js
207 silly gunzTarPerm extractEntry lib/less/rhino.js
208 silly gunzTarPerm extractEntry lib/less/tree.js
209 silly gunzTarPerm extractEntry lib/less/tree/alpha.js
210 silly gunzTarPerm extractEntry lib/less/tree/expression.js
211 silly gunzTarPerm extractEntry lib/less/tree/import.js
212 silly gunzTarPerm extractEntry lib/less/tree/javascript.js
213 silly gunzTarPerm extractEntry lib/less/tree/element.js
214 silly gunzTarPerm extractEntry lib/less/tree/media.js
215 silly gunzTarPerm extractEntry lib/less/tree/mixin.js
216 silly gunzTarPerm extractEntry lib/less/tree/operation.js
217 silly gunzTarPerm extractEntry lib/less/tree/paren.js
218 silly gunzTarPerm extractEntry lib/less/tree/quoted.js
219 silly gunzTarPerm extractEntry lib/less/tree/directive.js
220 silly gunzTarPerm extractEntry lib/less/tree/ratio.js
221 silly gunzTarPerm extractEntry lib/less/tree/dimension.js
222 silly gunzTarPerm extractEntry lib/less/tree/rule.js
223 silly gunzTarPerm extractEntry lib/less/tree/condition.js
224 silly gunzTarPerm extractEntry lib/less/tree/ruleset.js
225 silly gunzTarPerm extractEntry lib/less/tree/comment.js
226 silly gunzTarPerm extractEntry lib/less/tree/selector.js
227 silly gunzTarPerm extractEntry lib/less/tree/color.js
228 silly gunzTarPerm extractEntry lib/less/tree/unicode-descriptor.js
229 silly gunzTarPerm extractEntry lib/less/tree/call.js
230 silly gunzTarPerm extractEntry lib/less/tree/url.js
231 silly gunzTarPerm extractEntry lib/less/tree/assignment.js
232 silly gunzTarPerm extractEntry lib/less/tree/value.js
233 silly gunzTarPerm extractEntry lib/less/tree/anonymous.js
234 silly gunzTarPerm extractEntry lib/less/tree/variable.js
235 silly gunzTarPerm extractEntry lib/less/tree/keyword.js
236 verbose read json /usr/local/lib/node_modules/less/package.json
237 silly lockFile c2213c90-usr-local-lib-node-modules-less /usr/local/lib/node_modules/less
238 info preinstall less@1.3.3
239 verbose from cache /usr/local/lib/node_modules/less/package.json
240 verbose readDependencies using package.json deps
241 verbose from cache /usr/local/lib/node_modules/less/package.json
242 verbose readDependencies using package.json deps
243 verbose cache add [ 'ycssmin@>=1.0.1', null ]
244 verbose cache add name=undefined spec="ycssmin@>=1.0.1" args=["ycssmin@>=1.0.1",null]
245 verbose parsed url { pathname: 'ycssmin@%3E=1.0.1',
245 verbose parsed url   path: 'ycssmin@%3E=1.0.1',
245 verbose parsed url   href: 'ycssmin@%3E=1.0.1' }
246 verbose cache add name="ycssmin" spec=">=1.0.1" args=["ycssmin",">=1.0.1"]
247 verbose parsed url { pathname: '%3E=1.0.1', path: '%3E=1.0.1', href: '%3E=1.0.1' }
248 verbose addNamed [ 'ycssmin', '>=1.0.1' ]
249 verbose addNamed [ null, '>=1.0.1' ]
250 silly lockFile 4d453523-ycssmin-1-0-1 ycssmin@>=1.0.1
251 verbose lock ycssmin@>=1.0.1 /Users/halea021/.npm/4d453523-ycssmin-1-0-1.lock
252 silly addNameRange { name: 'ycssmin', range: '>=1.0.1', hasData: false }
253 verbose url raw ycssmin
254 verbose url resolving [ 'https://registry.npmjs.org/', './ycssmin' ]
255 verbose url resolved https://registry.npmjs.org/ycssmin
256 info trying registry request attempt 1 at 17:22:09
257 verbose etag "3C2JENTQF6AZAQ7OZWE23VG52"
258 http GET https://registry.npmjs.org/ycssmin
259 http 200 https://registry.npmjs.org/ycssmin
260 silly registry.get cb [ 200,
260 silly registry.get   { vary: 'Accept',
260 silly registry.get     server: 'CouchDB/1.2.1 (Erlang OTP/R15B)',
260 silly registry.get     etag: '"8I2TDCNHOENSCSM1HZS9ZNCZ3"',
260 silly registry.get     date: 'Thu, 31 Jan 2013 01:20:26 GMT',
260 silly registry.get     'content-type': 'application/json',
260 silly registry.get     'content-length': '12417' } ]
261 silly addNameRange number 2 { name: 'ycssmin', range: '>=1.0.1', hasData: true }
262 silly addNameRange versions [ 'ycssmin', [ '1.0.0', '1.0.1' ] ]
263 verbose addNamed [ 'ycssmin', '1.0.1' ]
264 verbose addNamed [ '1.0.1', '1.0.1' ]
265 silly lockFile 5f8c430f-ycssmin-1-0-1 ycssmin@1.0.1
266 verbose lock ycssmin@1.0.1 /Users/halea021/.npm/5f8c430f-ycssmin-1-0-1.lock
267 verbose read json /Users/halea021/.npm/ycssmin/1.0.1/package/package.json
268 silly lockFile 5f8c430f-ycssmin-1-0-1 ycssmin@1.0.1
269 silly lockFile 4d453523-ycssmin-1-0-1 ycssmin@>=1.0.1
270 silly resolved [ { name: 'ycssmin',
270 silly resolved     version: '1.0.1',
270 silly resolved     description: 'CSS Minification from YUICompressor',
270 silly resolved     main: './cssmin',
270 silly resolved     bin: { ycssmin: './bin/cssmin' },
270 silly resolved     devDependencies:
270 silly resolved      { 'yui-lint': '~0.1.1',
270 silly resolved        jshint: '~0.9.0',
270 silly resolved        istanbul: '~0.1.8',
270 silly resolved        vows: '*' },
270 silly resolved     author: { name: 'Dav Glass', email: 'davglass@gmail.com' },
270 silly resolved     contributors: [ [Object], [Object], [Object] ],
270 silly resolved     keywords: [ 'minify', 'cssmin', 'compressor', 'yuicompressor' ],
270 silly resolved     scripts:
270 silly resolved      { pretest: 'jshint --config ./node_modules/yui-lint/jshint.json cssmin.js package.json',
270 silly resolved        test: 'istanbul cover --print both -- vows --spec ./tests/*.js' },
270 silly resolved     repository: { type: 'git', url: 'http://github.com/yui/ycssmin.git' },
270 silly resolved     preferGlobal: 'true',
270 silly resolved     bugs: { url: 'http://github.com/yui/ycssmin/issues' },
270 silly resolved     licenses: [ [Object] ],
270 silly resolved     readme: 'CSSMin\n======\n\nThis project is a fork of [jbleuzen/node-cssmin](https://github.com/jbleuzen/node-cssmin).\n\nIt was originally based on the javascript for of the css minification tool used inside of \n[YUICompressor](https://github.com/yui/yuicompressor) based on code from Stoyan Stefanov and Isaac Schlueter.\n\nWe forked this project in order to maintain and up keep it on a regular basis.\n\n\nInstallation\n------------\n\nYou can either download the plugin and unzip it into to your project folder or you can use npm to install the `ycssmin` package.\n\n`npm -g i ycssmin`\n\nBuild Status\n------------\n\n[![Build Status](https://secure.travis-ci.org/yui/ycssmin.png)](http://travis-ci.org/yui/ycssmin)\n\nTesting\n-------\n\nClone this repo:\n\n`npm test`\n\nCode Coverage\n-------------\n\nWe are using [istanbul](https://github.com/gotwarlost/istanbul) to provide code coverage, to view the report:\n\n`npm test`\n\nThen open `./coverage/lcov-report`\n\nWe also publish the [latest here](http://yui.github.com/ycssmin/).\n\nWe ask that all patches have a test attached and full coverage.\n\nUsage\n-----\n\nThe module exports the cssmin function, so you can use it with: \n\n`var cssmin = require(\'ycssmin\').cssmin;`\n\nThe function cssmin takes two arguments:\n* `input` : the CSS content you want to minimize.\n* `linebreakpos` : the number of characters before the end of the line. If empty, the output will have only one line.\n\t\nExample :\n\n```javascript\nvar fs = require(\'fs\'),\n    cssmin = require(\'ycssmin\').cssmin,\n    css = fs.readFileSync("/Any/Random/CSS/File.css", encoding=\'utf8\'),\n    min = cssmin(css);\n\nconsole.log(min);\n```\n\nLicense\n-------\n\n    Copyright 2012 Yahoo! Inc.\n    All rights reserved.\n\n    Redistribution and use in source and binary forms, with or without\n    modification, are permitted provided that the following conditions are met:\n        * Redistributions of source code must retain the above copyright\n          notice, this list of conditions and the following disclaimer.\n        * Redistributions in binary form must reproduce the above copyright\n          notice, this list of conditions and the following disclaimer in the\n          documentation and/or other materials provided with the distribution.\n        * Neither the name of the Yahoo! Inc. nor the\n          names of its contributors may be used to endorse or promote products\n          derived from this software without specific prior written permission.\n\n    THIS SOFTWARE IS PROVIDED BY THE COPYRIGHT HOLDERS AND CONTRIBUTORS "AS IS" AND\n    ANY EXPRESS OR IMPLIED WARRANTIES, INCLUDING, BUT NOT LIMITED TO, THE IMPLIED\n    WARRANTIES OF MERCHANTABILITY AND FITNESS FOR A PARTICULAR PURPOSE ARE\n    DISCLAIMED. IN NO EVENT SHALL YAHOO! INC. BE LIABLE FOR ANY\n    DIRECT, INDIRECT, INCIDENTAL, SPECIAL, EXEMPLARY, OR CONSEQUENTIAL DAMAGES\n    (INCLUDING, BUT NOT LIMITED TO, PROCUREMENT OF SUBSTITUTE GOODS OR SERVICES;\n    LOSS OF USE, DATA, OR PROFITS; OR BUSINESS INTERRUPTION) HOWEVER CAUSED AND\n    ON ANY THEORY OF LIABILITY, WHETHER IN CONTRACT, STRICT LIABILITY, OR TORT\n    (INCLUDING NEGLIGENCE OR OTHERWISE) ARISING IN ANY WAY OUT OF THE USE OF THIS\n    SOFTWARE, EVEN IF ADVISED OF THE POSSIBILITY OF SUCH DAMAGE.\n\nThanks\n------\n\nThanks to Johan BLEUZEN for originally porting this to node.js\n',
270 silly resolved     readmeFilename: 'README.md',
270 silly resolved     _id: 'ycssmin@1.0.1',
270 silly resolved     _from: 'ycssmin@>=1.0.1' } ]
271 info install ycssmin@1.0.1 into /usr/local/lib/node_modules/less
272 info installOne ycssmin@1.0.1
273 verbose from cache /Users/halea021/.npm/ycssmin/1.0.1/package/package.json
274 info /usr/local/lib/node_modules/less/node_modules/ycssmin unbuild
275 verbose read json /usr/local/lib/node_modules/less/node_modules/ycssmin/package.json
276 verbose tar unpack /Users/halea021/.npm/ycssmin/1.0.1/package.tgz
277 silly lockFile b885eb53-odules-less-node-modules-ycssmin /usr/local/lib/node_modules/less/node_modules/ycssmin
278 verbose lock /usr/local/lib/node_modules/less/node_modules/ycssmin /Users/halea021/.npm/b885eb53-odules-less-node-modules-ycssmin.lock
279 silly gunzTarPerm modes [ '755', '644' ]
280 silly gunzTarPerm extractEntry package.json
281 silly gunzTarPerm extractEntry .npmignore
282 silly gunzTarPerm extractEntry README.md
283 silly gunzTarPerm extractEntry LICENSE
284 silly gunzTarPerm extractEntry cssmin.js
285 silly gunzTarPerm extractEntry .travis.yml
286 silly gunzTarPerm extractEntry bin/cssmin
287 silly gunzTarPerm extractEntry Makefile
288 silly gunzTarPerm extractEntry tests/tests.js
289 silly gunzTarPerm extractEntry tests/files/dataurl-realdata-doublequotes.css
290 silly gunzTarPerm extractEntry tests/files/background-position.css
291 silly gunzTarPerm extractEntry tests/files/border-none.css
292 silly gunzTarPerm extractEntry tests/files/border-none.css.min
293 silly gunzTarPerm extractEntry tests/files/box-model-hack.css
294 silly gunzTarPerm extractEntry tests/files/box-model-hack.css.min
295 silly gunzTarPerm extractEntry tests/files/bug2527974.css
296 silly gunzTarPerm extractEntry tests/files/bug2527974.css.min
297 silly gunzTarPerm extractEntry tests/files/bug2527991.css
298 silly gunzTarPerm extractEntry tests/files/bug2527991.css.min
299 silly gunzTarPerm extractEntry tests/files/bug2527998.css
300 silly gunzTarPerm extractEntry tests/files/bug2527998.css.min
301 silly gunzTarPerm extractEntry tests/files/bug2528034.css
302 silly gunzTarPerm extractEntry tests/files/bug2528034.css.min
303 silly gunzTarPerm extractEntry tests/files/charset-media.css
304 silly gunzTarPerm extractEntry tests/files/charset-media.css.min
305 silly gunzTarPerm extractEntry tests/files/color-simple.css
306 silly gunzTarPerm extractEntry tests/files/color-simple.css.min
307 silly gunzTarPerm extractEntry tests/files/color.css
308 silly gunzTarPerm extractEntry tests/files/color.css.min
309 silly gunzTarPerm extractEntry tests/files/comment.css
310 silly gunzTarPerm extractEntry tests/files/comment.css.min
311 silly gunzTarPerm extractEntry tests/files/concat-charset.css
312 silly gunzTarPerm extractEntry tests/files/concat-charset.css.min
313 silly gunzTarPerm extractEntry tests/files/dataurl-base64-doublequotes.css
314 silly gunzTarPerm extractEntry tests/files/dataurl-base64-doublequotes.css.min
315 silly gunzTarPerm extractEntry tests/files/dataurl-base64-eof.css
316 silly gunzTarPerm extractEntry tests/files/dataurl-base64-eof.css.min
317 silly gunzTarPerm extractEntry tests/files/dataurl-base64-linebreakindata.css
318 silly gunzTarPerm extractEntry tests/files/dataurl-base64-linebreakindata.css.min
319 silly gunzTarPerm extractEntry tests/files/dataurl-base64-noquotes.css
320 silly gunzTarPerm extractEntry tests/files/dataurl-base64-noquotes.css.min
321 silly gunzTarPerm extractEntry tests/files/dataurl-base64-singlequotes.css
322 silly gunzTarPerm extractEntry tests/files/dataurl-base64-singlequotes.css.min
323 silly gunzTarPerm extractEntry tests/files/dataurl-base64-twourls.css
324 silly gunzTarPerm extractEntry tests/files/dataurl-base64-twourls.css.min
325 silly gunzTarPerm extractEntry tests/files/dataurl-dbquote-font.css
326 silly gunzTarPerm extractEntry tests/files/dataurl-dbquote-font.css.min
327 silly gunzTarPerm extractEntry tests/files/dataurl-nonbase64-doublequotes.css
328 silly gunzTarPerm extractEntry tests/files/dataurl-nonbase64-doublequotes.css.min
329 silly gunzTarPerm extractEntry tests/files/dataurl-nonbase64-noquotes.css
330 silly gunzTarPerm extractEntry tests/files/dataurl-nonbase64-noquotes.css.min
331 silly gunzTarPerm extractEntry tests/files/dataurl-nonbase64-singlequotes.css
332 silly gunzTarPerm extractEntry tests/files/dataurl-nonbase64-singlequotes.css.min
333 silly gunzTarPerm extractEntry tests/files/dataurl-noquote-multiline-font.css
334 silly gunzTarPerm extractEntry tests/files/dataurl-noquote-multiline-font.css.min
335 silly gunzTarPerm extractEntry tests/files/background-position.css.min
336 silly gunzTarPerm extractEntry tests/files/dataurl-realdata-doublequotes.css.min
337 silly gunzTarPerm extractEntry tests/files/dataurl-realdata-noquotes.css
338 silly gunzTarPerm extractEntry tests/files/dataurl-realdata-noquotes.css.min
339 silly gunzTarPerm extractEntry tests/files/dataurl-realdata-singlequotes.css
340 silly gunzTarPerm extractEntry tests/files/dataurl-realdata-singlequotes.css.min
341 silly gunzTarPerm extractEntry tests/files/dataurl-realdata-yuiapp.css
342 silly gunzTarPerm extractEntry tests/files/dataurl-realdata-yuiapp.css.min
343 silly gunzTarPerm extractEntry tests/files/dataurl-singlequote-font.css
344 silly gunzTarPerm extractEntry tests/files/dataurl-singlequote-font.css.min
345 silly gunzTarPerm extractEntry tests/files/decimals.css
346 silly gunzTarPerm extractEntry tests/files/decimals.css.min
347 silly gunzTarPerm extractEntry tests/files/dollar-header.css
348 silly gunzTarPerm extractEntry tests/files/dollar-header.css.min
349 silly gunzTarPerm extractEntry tests/files/font-face.css
350 silly gunzTarPerm extractEntry tests/files/font-face.css.min
351 silly gunzTarPerm extractEntry tests/files/ie5mac.css
352 silly gunzTarPerm extractEntry tests/files/ie5mac.css.min
353 silly gunzTarPerm extractEntry tests/files/media-empty-class.css
354 silly gunzTarPerm extractEntry tests/files/media-empty-class.css.min
355 silly gunzTarPerm extractEntry tests/files/media-multi.css
356 silly gunzTarPerm extractEntry tests/files/media-multi.css.min
357 silly gunzTarPerm extractEntry tests/files/media-test.css
358 silly gunzTarPerm extractEntry tests/files/media-test.css.min
359 silly gunzTarPerm extractEntry tests/files/opacity-filter.css
360 silly gunzTarPerm extractEntry tests/files/opacity-filter.css.min
361 silly gunzTarPerm extractEntry tests/files/preserve-case.css
362 silly gunzTarPerm extractEntry tests/files/preserve-case.css.min
363 silly gunzTarPerm extractEntry tests/files/preserve-new-line.css
364 silly gunzTarPerm extractEntry tests/files/preserve-new-line.css.min
365 silly gunzTarPerm extractEntry tests/files/preserve-strings.css
366 silly gunzTarPerm extractEntry tests/files/preserve-strings.css.min
367 silly gunzTarPerm extractEntry tests/files/pseudo-first.css
368 silly gunzTarPerm extractEntry tests/files/pseudo-first.css.min
369 silly gunzTarPerm extractEntry tests/files/pseudo.css
370 silly gunzTarPerm extractEntry tests/files/pseudo.css.min
371 silly gunzTarPerm extractEntry tests/files/special/linebreakpos.css
372 silly gunzTarPerm extractEntry tests/files/special/linebreakpos.css.min
373 silly gunzTarPerm extractEntry tests/files/special-comments.css
374 silly gunzTarPerm extractEntry tests/files/special-comments.css.min
375 silly gunzTarPerm extractEntry tests/files/star-underscore-hacks.css
376 silly gunzTarPerm extractEntry tests/files/star-underscore-hacks.css.min
377 silly gunzTarPerm extractEntry tests/files/string-in-comment.css
378 silly gunzTarPerm extractEntry tests/files/string-in-comment.css.min
379 silly gunzTarPerm extractEntry tests/files/webkit-transform.css
380 silly gunzTarPerm extractEntry tests/files/webkit-transform.css.min
381 silly gunzTarPerm extractEntry tests/files/zeros.css
382 silly gunzTarPerm extractEntry tests/files/zeros.css.min
383 verbose read json /usr/local/lib/node_modules/less/node_modules/ycssmin/package.json
384 silly lockFile b885eb53-odules-less-node-modules-ycssmin /usr/local/lib/node_modules/less/node_modules/ycssmin
385 info preinstall ycssmin@1.0.1
386 verbose from cache /usr/local/lib/node_modules/less/node_modules/ycssmin/package.json
387 verbose readDependencies using package.json deps
388 verbose from cache /usr/local/lib/node_modules/less/node_modules/ycssmin/package.json
389 verbose readDependencies using package.json deps
390 silly resolved []
391 verbose about to build /usr/local/lib/node_modules/less/node_modules/ycssmin
392 info build /usr/local/lib/node_modules/less/node_modules/ycssmin
393 verbose from cache /usr/local/lib/node_modules/less/node_modules/ycssmin/package.json
394 verbose linkStuff [ true,
394 verbose linkStuff   '/usr/local/lib/node_modules',
394 verbose linkStuff   false,
394 verbose linkStuff   '/usr/local/lib/node_modules/less/node_modules' ]
395 info linkStuff ycssmin@1.0.1
396 verbose linkBins ycssmin@1.0.1
397 verbose link bins [ { ycssmin: './bin/cssmin' },
397 verbose link bins   '/usr/local/lib/node_modules/less/node_modules/.bin',
397 verbose link bins   false ]
398 verbose linkMans ycssmin@1.0.1
399 verbose rebuildBundles ycssmin@1.0.1
400 info install ycssmin@1.0.1
401 info postinstall ycssmin@1.0.1
402 verbose about to build /usr/local/lib/node_modules/less
403 info build /usr/local/lib/node_modules/less
404 verbose from cache /usr/local/lib/node_modules/less/package.json
405 verbose linkStuff [ true,
405 verbose linkStuff   '/usr/local/lib/node_modules',
405 verbose linkStuff   true,
405 verbose linkStuff   '/usr/local/lib/node_modules' ]
406 info linkStuff less@1.3.3
407 verbose linkBins less@1.3.3
408 verbose link bins [ { lessc: './bin/lessc' }, '/usr/local/bin', true ]
409 verbose linkMans less@1.3.3
410 verbose rebuildBundles less@1.3.3
411 verbose rebuildBundles [ '.bin', 'ycssmin' ]
412 info /usr/local/lib/node_modules/less unbuild
413 verbose from cache /usr/local/lib/node_modules/less/package.json
414 info preuninstall less@1.3.3
415 info uninstall less@1.3.3
416 verbose true,/usr/local/lib/node_modules,/usr/local/lib/node_modules unbuild less@1.3.3
417 verbose /usr/local/bin,[object Object] binRoot
418 info postuninstall less@1.3.3
419 error Refusing to delete: /usr/local/bin/lessc not in /usr/local/lib/node_modules/less
File exists: /usr/local/bin/lessc
Move it away, and try again.
420 error System Darwin 11.4.2
421 error command "node" "/usr/local/bin/npm" "install" "-g" "less"
422 error cwd /Applications/MAMP/htdocs/graphoart
423 error node -v v0.8.18
424 error npm -v 1.2.2
425 error path /usr/local/bin/lessc
426 error code EEXIST
427 verbose exit [ 1, true ]
